-------------------------------------------------------------------------------
Test set: TestSmokeWebDriver.P4_Sections_menu.P5_Packages_FRESH_at_16_08_21.Test_01_PACKAGES_Go_to_package_FRESH
-------------------------------------------------------------------------------
Tests run: 1, Failures: 0, Errors: 1, Skipped: 0, Time elapsed: 5.354 s <<< FAILURE! - in TestSmokeWebDriver.P4_Sections_menu.P5_Packages_FRESH_at_16_08_21.Test_01_PACKAGES_Go_to_package_FRESH
goToPackage  Time elapsed: 5.105 s  <<< ERROR!
org.openqa.selenium.remote.UnreachableBrowserException: 
Could not start a new session. Possible causes are invalid address of the remote server or browser start-up failure.
Build info: version: '3.141.59', revision: 'e82be7d358', time: '2018-11-14T08:17:03'
System info: host: 'WIN-95R27CPAAG1', ip: '172.21.17.195', os.name: 'Windows 10', os.arch: 'amd64', os.version: '10.0', java.version: '11.0.11'
Driver info: driver.version: TestBaseWebDriver
Caused by: java.net.ConnectException: Failed to connect to /192.168.1.139:4444
Caused by: java.net.ConnectException: Connection refused: connect

