<?xml version="1.0" encoding="UTF-8"?>
<testsuite xmlns:xsi="http://www.w3.org/2001/XMLSchema-instance" xsi:noNamespaceSchemaLocation="https://maven.apache.org/surefire/maven-surefire-plugin/xsd/surefire-test-report.xsd" name="TestSmokeWebDriver.P4_Sections_menu.P5_Packages_FRESH_at_16_08_21.Test_01_PACKAGES_Go_to_package_FRESH" time="5.354" tests="1" errors="1" skipped="0" failures="0">
  <properties>
[...]
</properties>
  <testcase name="goToPackage" classname="TestSmokeWebDriver.P4_Sections_menu.P5_Packages_FRESH_at_16_08_21.Test_01_PACKAGES_Go_to_package_FRESH" time="5.105">
    <error message="Could not start a new session. Possible causes are invalid address of the remote server or browser start-up failure.&#10;Build info: version: &apos;3.141.59&apos;, revision: &apos;e82be7d358&apos;, time: &apos;2018-11-14T08:17:03&apos;&#10;System info: host: &apos;WIN-95R27CPAAG1&apos;, ip: &apos;172.21.17.195&apos;, os.name: &apos;Windows 10&apos;, os.arch: &apos;amd64&apos;, os.version: &apos;10.0&apos;, java.version: &apos;11.0.11&apos;&#10;Driver info: driver.version: TestBaseWebDriver" type="org.openqa.selenium.remote.UnreachableBrowserException">org.openqa.selenium.remote.UnreachableBrowserException: 
Could not start a new session. Possible causes are invalid address of the remote server or browser start-up failure.
Build info: version: '3.141.59', revision: 'e82be7d358', time: '2018-11-14T08:17:03'
System info: host: 'WIN-95R27CPAAG1', ip: '172.21.17.195', os.name: 'Windows 10', os.arch: 'amd64', os.version: '10.0', java.version: '11.0.11'
Driver info: driver.version: TestBaseWebDriver
Caused by: java.net.ConnectException: Failed to connect to /192.168.1.139:4444
Caused by: java.net.ConnectException: Connection refused: connect
</error>
  </testcase>
</testsuite>